<?xml version="1.0" encoding="utf-8"?><testsuites name="pytest tests"><testsuite name="pytest" errors="0" failures="0" skipped="0" tests="4" time="65.701" timestamp="2026-05-08T11:29:41.897681+00:00" hostname="agent-env-98614a7d-1d7b-4adc-9375-34ea53baec5b"><testcase classname="tests.test_bugfix_smoke.TestBugCoachAnalysisCoerce" name="test_first_coach_upload_returns_200_and_lists_are_strings" time="36.748" /><testcase classname="tests.test_bugfix_smoke.TestBugCoachAnalysisCoerce" name="test_second_coach_upload_returns_200_and_lists_are_strings" time="27.205" /><testcase classname="tests.test_bugfix_smoke.TestBugPaymentStatusNoFiveHundred" name="test_checkout_then_status_polls_no_500" time="1.631" /><testcase classname="tests.test_bugfix_smoke.TestBugPaymentStatusNoFiveHundred" name="test_unknown_session_returns_404" time="0.098" /></testsuite></testsuites>