<?xml version="1.0" encoding="utf-8"?><testsuites name="pytest tests"><testsuite name="pytest" errors="0" failures="0" skipped="0" tests="79" time="167.065" timestamp="2026-05-08T15:58:48.488116+00:00" hostname="agent-env-98614a7d-1d7b-4adc-9375-34ea53baec5b"><testcase classname="backend.tests.test_bugfix_smoke.TestBugCoachAnalysisCoerce" name="test_first_coach_upload_returns_200_and_lists_are_strings" time="64.826" /><testcase classname="backend.tests.test_bugfix_smoke.TestBugCoachAnalysisCoerce" name="test_second_coach_upload_returns_200_and_lists_are_strings" time="13.279" /><testcase classname="backend.tests.test_bugfix_smoke.TestBugPaymentStatusNoFiveHundred" name="test_checkout_then_status_polls_no_500" time="1.414" /><testcase classname="backend.tests.test_bugfix_smoke.TestBugPaymentStatusNoFiveHundred" name="test_unknown_session_returns_404" time="0.177" /><testcase classname="backend.tests.test_membership_coach_stripe.TestPlans" name="test_get_plans" time="0.165" /><testcase classname="backend.tests.test_membership_coach_stripe.TestQuota" name="test_quota_free" time="0.186" /><testcase classname="backend.tests.test_membership_coach_stripe.TestQuota" name="test_quota_coach_unlimited" time="0.139" /><testcase classname="backend.tests.test_membership_coach_stripe.TestFreeQuotaEnforcement" name="test_free_first_then_402" time="18.558" /><testcase classname="backend.tests.test_membership_coach_stripe.TestCoachUnlimited" name="test_coach_can_create_analysis" time="34.206" /><testcase classname="backend.tests.test_membership_coach_stripe.TestCoaches" name="test_list_public_coaches" time="0.210" /><testcase classname="backend.tests.test_membership_coach_stripe.TestCoaches" name="test_get_single_coach" time="0.131" /><testcase classname="backend.tests.test_membership_coach_stripe.TestCoaches" name="test_get_unknown_coach" time="0.145" /><testcase classname="backend.tests.test_membership_coach_stripe.TestCoachProfile" name="test_update_coach_profile_success" time="0.196" /><testcase classname="backend.tests.test_membership_coach_stripe.TestCoachProfile" name="test_update_coach_profile_forbidden_for_free" time="0.131" /><testcase classname="backend.tests.test_membership_coach_stripe.TestCoachInbox" name="test_inbox_forbidden_for_free" time="0.167" /><testcase classname="backend.tests.test_membership_coach_stripe.TestCoachInbox" name="test_inbox_ok_for_coach" time="0.143" /><testcase classname="backend.tests.test_membership_coach_stripe.TestSharingAndComments" name="test_setup_share_flow" time="0.322" /><testcase classname="backend.tests.test_membership_coach_stripe.TestSharingAndComments" name="test_owner_comment" time="0.128" /><testcase classname="backend.tests.test_membership_coach_stripe.TestSharingAndComments" name="test_coach_comment" time="0.132" /><testcase classname="backend.tests.test_membership_coach_stripe.TestSharingAndComments" name="test_list_comments" time="0.142" /><testcase classname="backend.tests.test_membership_coach_stripe.TestSharingAndComments" name="test_comment_forbidden_for_other_user" time="0.133" /><testcase classname="backend.tests.test_membership_coach_stripe.TestStripeCheckout" name="test_checkout_invalid_plan" time="0.131" /><testcase classname="backend.tests.test_membership_coach_stripe.TestStripeCheckout" name="test_checkout_unauthorized" time="0.132" /><testcase classname="backend.tests.test_membership_coach_stripe.TestStripeCheckout" name="test_checkout_creates_stripe_session" time="0.442" /><testcase classname="backend.tests.test_membership_coach_stripe.TestStripeCheckout" name="test_payment_status_unpaid" time="0.236" /><testcase classname="backend.tests.test_membership_coach_stripe.TestStripeCheckout" name="test_payment_status_unknown_session" time="0.132" /><testcase classname="backend.tests.test_membership_coach_stripe.TestStripeCheckout" name="test_free_user_tier_unchanged" time="0.135" /><testcase classname="backend.tests.test_stripe_live_webhook.TestStripeEnvLoaded" name="test_secret_is_live" time="0.000" /><testcase classname="backend.tests.test_stripe_live_webhook.TestStripeEnvLoaded" name="test_publishable_is_live" time="0.000" /><testcase classname="backend.tests.test_stripe_live_webhook.TestStripeEnvLoaded" name="test_webhook_secret_present" time="0.000" /><testcase classname="backend.tests.test_stripe_live_webhook.TestLiveCheckoutCreation" name="test_checkout_plus_returns_live_url" time="0.460" /><testcase classname="backend.tests.test_stripe_live_webhook.TestLiveCheckoutCreation" name="test_checkout_coach_returns_live_url_amount_120" time="0.497" /><testcase classname="backend.tests.test_stripe_live_webhook.TestLiveCheckoutCreation" name="test_checkout_invalid_plan" time="0.141" /><testcase classname="backend.tests.test_stripe_live_webhook.TestWebhookSignatureRejection" name="test_missing_signature_400" time="0.178" /><testcase classname="backend.tests.test_stripe_live_webhook.TestWebhookSignatureRejection" name="test_bogus_signature_400" time="0.127" /><testcase classname="backend.tests.test_stripe_live_webhook.TestWebhookSignatureRejection" name="test_valid_signature_unknown_event_type_returns_200" time="0.142" /><testcase classname="backend.tests.test_stripe_live_webhook.TestWebhookTierUpgrade" name="test_completed_event_upgrades_to_plus" time="0.297" /><testcase classname="backend.tests.test_stripe_live_webhook.TestWebhookTierUpgrade" name="test_completed_event_upgrades_to_coach" time="0.305" /><testcase classname="backend.tests.test_stripe_live_webhook.TestWebhookTierUpgrade" name="test_async_payment_succeeded_also_applies" time="0.221" /><testcase classname="backend.tests.test_stripe_live_webhook.TestWebhookIdempotency" name="test_replay_does_not_double_extend_expiry" time="1.403" /><testcase classname="backend.tests.test_stripe_live_webhook.TestPaymentStatusGraceful" name="test_status_does_not_500_for_synthetic_session" time="0.226" /><testcase classname="backend.tests.test_stripe_live_webhook.TestRegressionLight" name="test_health" time="0.156" /><testcase classname="backend.tests.test_stripe_live_webhook.TestRegressionLight" name="test_auth_me_demo" time="0.138" /><testcase classname="backend.tests.test_stripe_live_webhook.TestRegressionLight" name="test_quota_free" time="0.143" /><testcase classname="backend.tests.test_stripe_live_webhook.TestRegressionLight" name="test_coaches_directory" time="0.152" /><testcase classname="backend.tests.test_stripe_live_webhook.TestRegressionLight" name="test_plans" time="0.147" /><testcase classname="backend.tests.test_v12_push_stripe_filters.TestPushToken" name="test_set_push_token" time="0.139" /><testcase classname="backend.tests.test_v12_push_stripe_filters.TestPushToken" name="test_get_me_reflects_token" time="0.129" /><testcase classname="backend.tests.test_v12_push_stripe_filters.TestPushToken" name="test_clear_push_token_with_null" time="0.149" /><testcase classname="backend.tests.test_v12_push_stripe_filters.TestPushToken" name="test_push_token_unauthorized" time="0.151" /><testcase classname="backend.tests.test_v12_push_stripe_filters.TestSubscriptionRenewal" name="test_cancel_renewal_free_returns_400" time="0.134" /><testcase classname="backend.tests.test_v12_push_stripe_filters.TestSubscriptionRenewal" name="test_resume_renewal_free_returns_400" time="0.134" /><testcase classname="backend.tests.test_v12_push_stripe_filters.TestSubscriptionRenewal" name="test_cancel_renewal_as_coach" time="0.261" /><testcase classname="backend.tests.test_v12_push_stripe_filters.TestSubscriptionRenewal" name="test_resume_renewal_as_coach" time="0.197" /><testcase classname="backend.tests.test_v12_push_stripe_filters.TestCoachDirectoryFilters" name="test_no_filter_returns_demo" time="0.141" /><testcase classname="backend.tests.test_v12_push_stripe_filters.TestCoachDirectoryFilters" name="test_location_match" time="0.140" /><testcase classname="backend.tests.test_v12_push_stripe_filters.TestCoachDirectoryFilters" name="test_location_miss" time="0.203" /><testcase classname="backend.tests.test_v12_push_stripe_filters.TestCoachDirectoryFilters" name="test_specialty_match" time="0.125" /><testcase classname="backend.tests.test_v12_push_stripe_filters.TestCoachDirectoryFilters" name="test_specialty_miss" time="0.120" /><testcase classname="backend.tests.test_v12_push_stripe_filters.TestCoachDirectoryFilters" name="test_q_case_insensitive_name" time="0.116" /><testcase classname="backend.tests.test_v12_push_stripe_filters.TestCoachDirectoryFilters" name="test_q_no_match" time="0.199" /><testcase classname="backend.tests.test_v13_bugfixes.TestQuotaPlusUser" name="test_quota_plus_user_returns_tier_plus_limit_3" time="0.150" /><testcase classname="backend.tests.test_v13_bugfixes.TestPlusUploadsEnforcement" name="test_plus_user_can_upload_3_times_then_402_on_4th" time="0.507" /><testcase classname="backend.tests.test_v13_bugfixes.TestPlusUploadsEnforcement" name="test_plus_user_first_upload_does_not_402" time="18.827" /><testcase classname="backend.tests.test_v13_bugfixes.TestApplySubscriptionPlusPlan" name="test_paid_plus_checkout_sets_user_tier_plus" time="0.848" /><testcase classname="backend.tests.test_v13_bugfixes.TestApplySubscriptionPlusPlan" name="test_paid_coach_checkout_still_sets_user_tier_coach" time="0.949" /><testcase classname="backend.tests.test_v13_plus_tier.TestPlans" name="test_plans_returns_3_plans_with_correct_ids" time="0.133" /><testcase classname="backend.tests.test_v13_plus_tier.TestPlans" name="test_free_plan_amount_and_limit" time="0.160" /><testcase classname="backend.tests.test_v13_plus_tier.TestPlans" name="test_plus_plan_amount_999_and_limit_3" time="0.158" /><testcase classname="backend.tests.test_v13_plus_tier.TestPlans" name="test_coach_plan_amount_120_and_unlimited" time="0.121" /><testcase classname="backend.tests.test_v13_plus_tier.TestQuota" name="test_quota_free_user" time="0.152" /><testcase classname="backend.tests.test_v13_plus_tier.TestQuota" name="test_quota_coach_user_unlimited" time="0.138" /><testcase classname="backend.tests.test_v13_plus_tier.TestCheckoutPlus" name="test_checkout_plus_creates_stripe_session" time="0.457" /><testcase classname="backend.tests.test_v13_plus_tier.TestCheckoutPlus" name="test_checkout_coach_still_works_120" time="0.427" /><testcase classname="backend.tests.test_v13_plus_tier.TestCheckoutPlus" name="test_checkout_invalid_plan_400" time="0.124" /><testcase classname="backend.tests.test_v13_plus_tier.TestRegression" name="test_health" time="0.131" /><testcase classname="backend.tests.test_v13_plus_tier.TestRegression" name="test_auth_me_free" time="0.154" /><testcase classname="backend.tests.test_v13_plus_tier.TestRegression" name="test_auth_me_coach" time="0.129" /><testcase classname="backend.tests.test_v13_plus_tier.TestRegression" name="test_coaches_directory_lists_demo_coach" time="0.128" /></testsuite></testsuites>