<?xml version="1.0" encoding="utf-8"?><testsuites name="pytest tests"><testsuite name="pytest" errors="0" failures="0" skipped="0" tests="17" time="2.290" timestamp="2026-07-28T21:38:28.553469+00:00" hostname="agent-env-98614a7d-1d7b-4adc-9375-34ea53baec5b"><testcase classname="backend.tests.test_phase1_upgrade_iter18.TestAuthRegression" name="test_auth_me" time="0.137" /><testcase classname="backend.tests.test_phase1_upgrade_iter18.TestAuthRegression" name="test_auth_me_requires_token" time="0.115" /><testcase classname="backend.tests.test_phase1_upgrade_iter18.TestPreferences" name="test_put_preferences_es" time="0.104" /><testcase classname="backend.tests.test_phase1_upgrade_iter18.TestPreferences" name="test_put_preferences_pt" time="0.110" /><testcase classname="backend.tests.test_phase1_upgrade_iter18.TestPreferences" name="test_put_preferences_invalid" time="0.126" /><testcase classname="backend.tests.test_phase1_upgrade_iter18.TestPreferences" name="test_put_preferences_requires_auth" time="0.130" /><testcase classname="backend.tests.test_phase1_upgrade_iter18.TestPreferences" name="test_reset_language_en" time="0.123" /><testcase classname="backend.tests.test_phase1_upgrade_iter18.TestNewSchemaAnalysis" name="test_get_new_analysis_returns_new_fields" time="0.104" /><testcase classname="backend.tests.test_phase1_upgrade_iter18.TestNewSchemaAnalysis" name="test_new_analysis_still_has_legacy_fields" time="0.121" /><testcase classname="backend.tests.test_phase1_upgrade_iter18.TestOldSchemaAnalysis" name="test_get_old_analysis_still_ok" time="0.118" /><testcase classname="backend.tests.test_phase1_upgrade_iter18.TestListsAndQuota" name="test_list_analyses" time="0.113" /><testcase classname="backend.tests.test_phase1_upgrade_iter18.TestListsAndQuota" name="test_quota" time="0.110" /><testcase classname="backend.tests.test_phase1_upgrade_iter18.TestListsAndQuota" name="test_plans" time="0.105" /><testcase classname="backend.tests.test_phase1_upgrade_iter18.TestComments" name="test_list_comments_new_analysis" time="0.101" /><testcase classname="backend.tests.test_phase1_upgrade_iter18.TestComments" name="test_post_and_read_comment" time="0.247" /><testcase classname="backend.tests.test_phase1_upgrade_iter18.TestChunkedUpload" name="test_chunk_upload_auth_required" time="0.274" /><testcase classname="backend.tests.test_phase1_upgrade_iter18.TestChunkedUpload" name="test_chunk_upload_missing_fields" time="0.102" /></testsuite></testsuites>