<?xml version="1.0" encoding="utf-8"?><testsuites name="pytest tests"><testsuite name="pytest" errors="0" failures="0" skipped="0" tests="9" time="2.687" timestamp="2026-07-28T03:07:39.218394+00:00" hostname="agent-env-98614a7d-1d7b-4adc-9375-34ea53baec5b"><testcase classname="backend.tests.test_account_deletion_iter13.TestDeleteAccount" name="test_delete_account_full_cleanup" time="0.265" /><testcase classname="backend.tests.test_account_deletion_iter13.TestDeleteAccount" name="test_delete_account_without_auth_returns_401" time="0.095" /><testcase classname="backend.tests.test_account_deletion_iter13.TestDeleteAccount" name="test_delete_account_bad_token_returns_401" time="0.106" /><testcase classname="backend.tests.test_account_deletion_iter13.TestCommentsAfterPushRemoval" name="test_add_and_list_comment_on_own_analysis" time="0.232" /><testcase classname="backend.tests.test_account_deletion_iter13.TestCommentsAfterPushRemoval" name="test_push_token_endpoint_removed" time="0.118" /><testcase classname="backend.tests.test_account_deletion_iter13.TestRegression" name="test_plans_ok" time="0.117" /><testcase classname="backend.tests.test_account_deletion_iter13.TestRegression" name="test_health_ok" time="0.113" /><testcase classname="backend.tests.test_account_deletion_iter13.TestRegression" name="test_root_serves_html" time="0.536" /><testcase classname="backend.tests.test_account_deletion_iter13.TestRegression" name="test_chunked_upload_happy_path" time="1.006" /></testsuite></testsuites>