<?xml version="1.0" encoding="utf-8"?><testsuites name="pytest tests"><testsuite name="pytest" errors="0" failures="0" skipped="0" tests="7" time="1.451" timestamp="2026-07-28T20:57:37.836624+00:00" hostname="agent-env-98614a7d-1d7b-4adc-9375-34ea53baec5b"><testcase classname="backend.tests.test_analysis_polling_iter16.TestBaseline" name="test_health" time="0.155" /><testcase classname="backend.tests.test_analysis_polling_iter16.TestBaseline" name="test_ready_seeded_unchanged" time="0.174" /><testcase classname="backend.tests.test_analysis_polling_iter16.TestStaleWatchdog" name="test_stale_processing_becomes_failed" time="0.171" /><testcase classname="backend.tests.test_analysis_polling_iter16.TestStaleWatchdog" name="test_recent_processing_stays_processing" time="0.105" /><testcase classname="backend.tests.test_analysis_polling_iter16.TestStaleWatchdog" name="test_owner_only_access" time="0.101" /><testcase classname="backend.tests.test_analysis_polling_iter16.TestAuthLogout" name="test_logout_invalidates_session" time="0.540" /><testcase classname="backend.tests.test_analysis_polling_iter16.TestChunkedUploadFinalize" name="test_finalize_no_chunks_returns_error" time="0.106" /></testsuite></testsuites>