<?xml version="1.0" encoding="utf-8"?><testsuites name="pytest tests"><testsuite name="pytest" errors="0" failures="0" skipped="0" tests="16" time="8.666" timestamp="2026-07-26T15:56:36.226499+00:00" hostname="agent-env-98614a7d-1d7b-4adc-9375-34ea53baec5b"><testcase classname="backend.tests.test_sec_fixes_iter12.TestSec002ChunkCaps" name="test_chunk_9mb_returns_413" time="0.508" /><testcase classname="backend.tests.test_sec_fixes_iter12.TestSec002ChunkCaps" name="test_chunk_3mb_returns_200" time="0.512" /><testcase classname="backend.tests.test_sec_fixes_iter12.TestSec002ChunkCaps" name="test_total_chunks_101_returns_400" time="0.117" /><testcase classname="backend.tests.test_sec_fixes_iter12.TestSec002ChunkCaps" name="test_total_chunks_100_returns_200" time="0.102" /><testcase classname="backend.tests.test_sec_fixes_iter12.TestSec002LegacySmallUpload" name="test_small_legacy_upload_still_processes" time="0.116" /><testcase classname="backend.tests.test_sec_fixes_iter12.TestSec002LegacySmallUpload" name="test_legacy_cap_logic_present_in_code" time="0.000" /><testcase classname="backend.tests.test_sec_fixes_iter12.TestSec001QuotaRace" name="test_three_concurrent_free_uploads_only_one_persists" time="1.337" /><testcase classname="backend.tests.test_sec_fixes_iter12.TestSec001QuotaRace" name="test_sequential_free_second_upload_402" time="0.111" /><testcase classname="backend.tests.test_sec_fixes_iter12.TestSec001QuotaRace" name="test_coach_unlimited_still_uploads" time="0.911" /><testcase classname="backend.tests.test_sec_fixes_iter12.TestSec003ExpiredSessionVideo" name="test_expired_session_returns_401_session_expired" time="1.046" /><testcase classname="backend.tests.test_sec_fixes_iter12.TestSec003ExpiredSessionVideo" name="test_missing_token_returns_401" time="0.101" /><testcase classname="backend.tests.test_sec_fixes_iter12.TestRegressions" name="test_chunked_flow_end_to_end" time="0.701" /><testcase classname="backend.tests.test_sec_fixes_iter12.TestRegressions" name="test_finalize_unknown_id_400" time="2.105" /><testcase classname="backend.tests.test_sec_fixes_iter12.TestRegressions" name="test_finalize_incomplete_400" time="0.216" /><testcase classname="backend.tests.test_sec_fixes_iter12.TestRegressions" name="test_plans_200" time="0.094" /><testcase classname="backend.tests.test_sec_fixes_iter12.TestRegressions" name="test_root_html_200" time="0.580" /></testsuite></testsuites>