<?xml version="1.0" encoding="utf-8"?><testsuites name="pytest tests"><testsuite name="pytest" errors="0" failures="0" skipped="1" tests="9" time="0.839" timestamp="2026-08-22T19:55:06.237529+00:00" hostname="agent-env-98614a7d-1d7b-4adc-9375-34ea53baec5b"><testcase classname="backend.tests.test_iter24_apple_revoke_delete.TestDeleteAccountAppleRevoke" name="test_delete_returns_ok_true" time="0.247" /><testcase classname="backend.tests.test_iter24_apple_revoke_delete.TestDeleteAccountAppleRevoke" name="test_delete_removes_user_sessions_and_analyses" time="0.072" /><testcase classname="backend.tests.test_iter24_apple_revoke_delete.TestDeleteAccountAppleRevoke" name="test_delete_session_no_longer_usable" time="0.106" /><testcase classname="backend.tests.test_iter24_apple_revoke_delete.TestAppleLoginAuthorizationCodeField" name="test_apple_invalid_token_returns_401" time="0.068" /><testcase classname="backend.tests.test_iter24_apple_revoke_delete.TestAppleLoginAuthorizationCodeField" name="test_apple_invalid_token_with_authorization_code_still_401" time="0.048" /><testcase classname="backend.tests.test_iter24_apple_revoke_delete.TestAppleLoginAuthorizationCodeField" name="test_apple_missing_identity_token_is_422" time="0.049" /><testcase classname="backend.tests.test_iter24_apple_revoke_delete.TestAuthRegression" name="test_me_with_demo_token" time="0.047"><skipped type="pytest.skip" message="demo_token_active not seeded on this deploy">/app/backend/tests/test_iter24_apple_revoke_delete.py:184: demo_token_active not seeded on this deploy</skipped></testcase><testcase classname="backend.tests.test_iter24_apple_revoke_delete.TestAuthRegression" name="test_logout_endpoint_returns_ok" time="0.051" /><testcase classname="backend.tests.test_iter24_apple_revoke_delete.TestAuthRegression" name="test_logout_no_auth_still_ok" time="0.049" /></testsuite></testsuites>