<?xml version="1.0" encoding="utf-8"?><testsuites name="pytest tests"><testsuite name="pytest" errors="0" failures="0" skipped="0" tests="5" time="113.515" timestamp="2026-08-04T13:04:56.614912+00:00" hostname="agent-env-98614a7d-1d7b-4adc-9375-34ea53baec5b"><testcase classname="backend.tests.test_iter22_auth_save_video.TestEmailAuthLifecycle" name="test_register_then_me_then_logout_then_me_401" time="0.436" /><testcase classname="backend.tests.test_iter22_auth_save_video.TestEmailAuthLifecycle" name="test_login_same_account" time="0.165" /><testcase classname="backend.tests.test_iter22_auth_save_video.TestEmailAuthLifecycle" name="test_login_bad_password_is_401_or_400" time="0.508" /><testcase classname="backend.tests.test_iter22_auth_save_video.TestUploadAndVideoStream" name="test_upload_small_mp4_reaches_ready_and_streams" time="112.301" /><testcase classname="backend.tests.test_iter22_auth_save_video.TestSessionIndexes" name="test_indexes_exist" time="0.079" /></testsuite></testsuites>