<?xml version="1.0" encoding="utf-8"?><testsuites name="pytest tests"><testsuite name="pytest" errors="0" failures="0" skipped="0" tests="9" time="7.218" timestamp="2026-07-19T02:15:51.156849+00:00" hostname="agent-env-98614a7d-1d7b-4adc-9375-34ea53baec5b"><testcase classname="backend.tests.test_bg_ffmpeg_iter10.TestLegacyMovFastResponse" name="test_legacy_mov_upload_returns_fast_processing" time="0.277" /><testcase classname="backend.tests.test_bg_ffmpeg_iter10.TestLegacyMovFastResponse" name="test_legacy_mov_bg_task_updates_doc" time="1.437" /><testcase classname="backend.tests.test_bg_ffmpeg_iter10.TestChunkedMovFastResponse" name="test_upload_two_3mb_chunks" time="0.745" /><testcase classname="backend.tests.test_bg_ffmpeg_iter10.TestChunkedMovFastResponse" name="test_finalize_mov_returns_fast_processing" time="0.107" /><testcase classname="backend.tests.test_bg_ffmpeg_iter10.TestChunkedMovFastResponse" name="test_finalize_bg_task_updates_video_path" time="3.538" /><testcase classname="backend.tests.test_bg_ffmpeg_iter10.TestFinalizeValidations" name="test_finalize_unknown_upload_id_returns_400" time="0.153" /><testcase classname="backend.tests.test_bg_ffmpeg_iter10.TestFinalizeValidations" name="test_finalize_incomplete_chunks_returns_400" time="0.198" /><testcase classname="backend.tests.test_bg_ffmpeg_iter10.TestBasicRegressions" name="test_plans_endpoint_ok" time="0.132" /><testcase classname="backend.tests.test_bg_ffmpeg_iter10.TestBasicRegressions" name="test_static_web_root_html" time="0.601" /></testsuite></testsuites>