<?xml version="1.0" encoding="utf-8"?><testsuites name="pytest tests"><testsuite name="pytest" errors="0" failures="0" skipped="0" tests="15" time="1.992" timestamp="2026-07-28T22:36:37.499467+00:00" hostname="agent-env-98614a7d-1d7b-4adc-9375-34ea53baec5b"><testcase classname="backend.tests.test_iter20_multi_video" name="test_auth_me_demo_has_multi_credits_field" time="0.253" /><testcase classname="backend.tests.test_iter20_multi_video" name="test_auth_me_coach_has_zero_multi_credits" time="0.064" /><testcase classname="backend.tests.test_iter20_multi_video" name="test_finalize_multi_requires_two_or_three_uploads" time="0.064" /><testcase classname="backend.tests.test_iter20_multi_video" name="test_finalize_multi_rejects_bad_upload_id_format" time="0.058" /><testcase classname="backend.tests.test_iter20_multi_video" name="test_finalize_multi_rejects_nonexistent_upload_id" time="0.058" /><testcase classname="backend.tests.test_iter20_multi_video" name="test_finalize_multi_returns_402_when_zero_credits" time="0.191" /><testcase classname="backend.tests.test_iter20_multi_video" name="test_lemonsqueezy_checkout_multi_returns_400_invalid_plan" time="0.062" /><testcase classname="backend.tests.test_iter20_multi_video" name="test_lemonsqueezy_checkout_learn_returns_url_regression" time="0.547" /><testcase classname="backend.tests.test_iter20_multi_video" name="test_multi_analysis_returns_video_count_and_ready_status" time="0.064" /><testcase classname="backend.tests.test_iter20_multi_video" name="test_multi_analysis_video_endpoint_serves_each_index[0]" time="0.062" /><testcase classname="backend.tests.test_iter20_multi_video" name="test_multi_analysis_video_endpoint_serves_each_index[1]" time="0.179" /><testcase classname="backend.tests.test_iter20_multi_video" name="test_multi_analysis_video_index_clamps_to_last_clip" time="0.121" /><testcase classname="backend.tests.test_iter20_multi_video" name="test_single_chunk_upload_validation_regression" time="0.132" /><testcase classname="backend.tests.test_iter20_multi_video" name="test_quota_endpoint_regression" time="0.048" /><testcase classname="backend.tests.test_iter20_multi_video" name="test_analyses_list_regression" time="0.045" /></testsuite></testsuites>