<?xml version="1.0" encoding="utf-8"?><testsuites name="pytest tests"><testsuite name="pytest" errors="0" failures="0" skipped="0" tests="6" time="87.474" timestamp="2026-08-05T18:35:06.662063+00:00" hostname="agent-env-98614a7d-1d7b-4adc-9375-34ea53baec5b"><testcase classname="backend.tests.test_iter23_mov_persistence_paywall.TestMovUploadPersistenceFlow" name="test_1_health_and_coach_session" time="0.227" /><testcase classname="backend.tests.test_iter23_mov_persistence_paywall.TestMovUploadPersistenceFlow" name="test_2_mov_upload_returns_200_and_processing_quickly" time="0.387" /><testcase classname="backend.tests.test_iter23_mov_persistence_paywall.TestMovUploadPersistenceFlow" name="test_3_video_streams_200_immediately_while_processing" time="85.654" /><testcase classname="backend.tests.test_iter23_mov_persistence_paywall.TestMovUploadPersistenceFlow" name="test_4_polls_to_ready_and_mime_becomes_mp4" time="0.232" /><testcase classname="backend.tests.test_iter23_mov_persistence_paywall.TestMovUploadPersistenceFlow" name="test_5_video_still_streams_200_after_ready_persistence" time="0.262" /><testcase classname="backend.tests.test_iter23_mov_persistence_paywall.TestPaywallCheckoutRegression" name="test_lemonsqueezy_checkout_returns_url" time="0.695" /></testsuite></testsuites>