<?xml version="1.0" encoding="utf-8"?><testsuites name="pytest tests"><testsuite name="pytest" errors="0" failures="0" skipped="0" tests="11" time="12.855" timestamp="2026-07-21T20:50:51.596717+00:00" hostname="agent-env-98614a7d-1d7b-4adc-9375-34ea53baec5b"><testcase classname="backend.tests.test_mongo_chunks_gridfs_iter11.TestChunkedUploadMongo" name="test_chunks_stored_in_mongo_and_finalize" time="2.375" /><testcase classname="backend.tests.test_mongo_chunks_gridfs_iter11.TestChunkIdempotency" name="test_reupload_same_chunk_index_no_double_count" time="4.844" /><testcase classname="backend.tests.test_mongo_chunks_gridfs_iter11.TestFinalizeValidations" name="test_finalize_unknown_upload_id" time="0.625" /><testcase classname="backend.tests.test_mongo_chunks_gridfs_iter11.TestFinalizeValidations" name="test_finalize_incomplete_2_of_3" time="0.686" /><testcase classname="backend.tests.test_mongo_chunks_gridfs_iter11.TestFinalizeValidations" name="test_finalize_bad_upload_id" time="0.127" /><testcase classname="backend.tests.test_mongo_chunks_gridfs_iter11.TestFinalizeValidations" name="test_finalize_unauth" time="0.124" /><testcase classname="backend.tests.test_mongo_chunks_gridfs_iter11.TestGridFSFallback" name="test_video_persisted_and_streamed_from_gridfs" time="2.007" /><testcase classname="backend.tests.test_mongo_chunks_gridfs_iter11.TestStartupIndexes" name="test_ttl_and_unique_compound_indexes_exist" time="0.303" /><testcase classname="backend.tests.test_mongo_chunks_gridfs_iter11.TestRegressions" name="test_legacy_small_file_upload" time="0.453" /><testcase classname="backend.tests.test_mongo_chunks_gridfs_iter11.TestRegressions" name="test_plans_endpoint" time="0.713" /><testcase classname="backend.tests.test_mongo_chunks_gridfs_iter11.TestRegressions" name="test_root_serves_html" time="0.579" /></testsuite></testsuites>