<?xml version="1.0" encoding="utf-8"?><testsuites name="pytest tests"><testsuite name="pytest" errors="0" failures="0" skipped="0" tests="14" time="0.964" timestamp="2026-07-19T00:42:53.594693+00:00" hostname="agent-env-98614a7d-1d7b-4adc-9375-34ea53baec5b"><testcase classname="backend.tests.test_static_web_and_ls_live.TestStaticWebBuild" name="test_html_pages_return_200_html[/]" time="0.003" /><testcase classname="backend.tests.test_static_web_and_ls_live.TestStaticWebBuild" name="test_html_pages_return_200_html[/terms]" time="0.002" /><testcase classname="backend.tests.test_static_web_and_ls_live.TestStaticWebBuild" name="test_html_pages_return_200_html[/privacy]" time="0.002" /><testcase classname="backend.tests.test_static_web_and_ls_live.TestStaticWebBuild" name="test_html_pages_return_200_html[/refund]" time="0.002" /><testcase classname="backend.tests.test_static_web_and_ls_live.TestStaticWebBuild" name="test_html_pages_return_200_html[/paywall]" time="0.002" /><testcase classname="backend.tests.test_static_web_and_ls_live.TestStaticWebBuild" name="test_html_pages_return_200_html[/payment-success]" time="0.002" /><testcase classname="backend.tests.test_static_web_and_ls_live.TestStaticWebBuild" name="test_js_bundle_referenced_and_served" time="0.007" /><testcase classname="backend.tests.test_static_web_and_ls_live.TestStaticWebBuild" name="test_unknown_path_falls_back_to_index_html" time="0.002" /><testcase classname="backend.tests.test_static_web_and_ls_live.TestStaticWebBuild" name="test_api_paths_are_not_html" time="0.002" /><testcase classname="backend.tests.test_static_web_and_ls_live.TestStaticWebBuild" name="test_static_pages_contain_rebranded_email" time="0.010" /><testcase classname="backend.tests.test_static_web_and_ls_live.TestPlansEndpoint" name="test_plans_provider_and_pricing" time="0.115" /><testcase classname="backend.tests.test_static_web_and_ls_live.TestLemonSqueezyCheckoutLive" name="test_checkout_learn_returns_live_surfcoach23_url" time="0.553" /><testcase classname="backend.tests.test_static_web_and_ls_live.TestLemonSqueezyCheckoutLive" name="test_checkout_invalid_plan_returns_400" time="0.140" /><testcase classname="backend.tests.test_static_web_and_ls_live.TestLemonSqueezyWebhookSignature" name="test_webhook_without_signature_returns_400" time="0.105" /></testsuite></testsuites>