<?xml version="1.0" encoding="utf-8"?><testsuites name="pytest tests"><testsuite name="pytest" errors="0" failures="0" skipped="0" tests="9" time="8.266" timestamp="2026-07-19T01:27:05.470825+00:00" hostname="agent-env-98614a7d-1d7b-4adc-9375-34ea53baec5b"><testcase classname="backend.tests.test_chunked_upload.TestChunkedHappyPath" name="test_chunked_upload_and_finalize" time="5.256" /><testcase classname="backend.tests.test_chunked_upload.TestChunkB64Variant" name="test_chunk_via_base64_field" time="0.167" /><testcase classname="backend.tests.test_chunked_upload.TestValidation" name="test_bad_upload_id_path_traversal" time="0.112" /><testcase classname="backend.tests.test_chunked_upload.TestValidation" name="test_bad_upload_id_wrong_charset" time="0.098" /><testcase classname="backend.tests.test_chunked_upload.TestValidation" name="test_unauthenticated_chunk" time="0.092" /><testcase classname="backend.tests.test_chunked_upload.TestValidation" name="test_finalize_unknown_upload_id" time="0.095" /><testcase classname="backend.tests.test_chunked_upload.TestValidation" name="test_finalize_incomplete_chunks" time="0.265" /><testcase classname="backend.tests.test_chunked_upload.TestLegacyEndpoint" name="test_legacy_small_upload" time="1.349" /><testcase classname="backend.tests.test_chunked_upload.TestQuota" name="test_free_tier_quota_on_finalize" time="0.816" /></testsuite></testsuites>