<?xml version="1.0" encoding="utf-8"?><testsuites name="pytest tests"><testsuite name="pytest" errors="0" failures="0" skipped="0" tests="13" time="1.953" timestamp="2026-07-28T22:04:29.736385+00:00" hostname="agent-env-98614a7d-1d7b-4adc-9375-34ea53baec5b"><testcase classname="backend.tests.test_phase234_pose_iter19.TestPoseEndpointReady" name="test_pose_returns_ready_with_data" time="0.263" /><testcase classname="backend.tests.test_phase234_pose_iter19.TestPoseEndpointReady" name="test_pose_frame_shape" time="0.318" /><testcase classname="backend.tests.test_phase234_pose_iter19.TestPoseEndpointReady" name="test_pose_metrics_non_empty" time="0.142" /><testcase classname="backend.tests.test_phase234_pose_iter19.TestPoseEndpointReady" name="test_pose_frames_time_monotonic" time="0.137" /><testcase classname="backend.tests.test_phase234_pose_iter19.TestPoseEndpointAuth" name="test_pose_requires_token" time="0.118" /><testcase classname="backend.tests.test_phase234_pose_iter19.TestPoseEndpointAuth" name="test_pose_other_user_gets_404" time="0.103" /><testcase classname="backend.tests.test_phase234_pose_iter19.TestPoseEndpointAuth" name="test_pose_unknown_id_404" time="0.118" /><testcase classname="backend.tests.test_phase234_pose_iter19.TestPoseNoData" name="test_pose_old_analysis_reasonable_shape" time="0.130" /><testcase classname="backend.tests.test_phase234_pose_iter19.TestRegression" name="test_auth_me" time="0.110" /><testcase classname="backend.tests.test_phase234_pose_iter19.TestRegression" name="test_get_new_analysis_has_scores" time="0.118" /><testcase classname="backend.tests.test_phase234_pose_iter19.TestRegression" name="test_list_analyses" time="0.107" /><testcase classname="backend.tests.test_phase234_pose_iter19.TestRegression" name="test_quota" time="0.106" /><testcase classname="backend.tests.test_phase234_pose_iter19.TestRegression" name="test_plans" time="0.134" /></testsuite></testsuites>