<?xml version="1.0" encoding="utf-8"?><testsuites name="pytest tests"><testsuite name="pytest" errors="0" failures="0" skipped="0" tests="9" time="1.924" timestamp="2026-07-28T05:09:57.886017+00:00" hostname="agent-env-98614a7d-1d7b-4adc-9375-34ea53baec5b"><testcase classname="backend.tests.test_email_apple_auth_iter14.TestRegister" name="test_register_success" time="0.257" /><testcase classname="backend.tests.test_email_apple_auth_iter14.TestRegister" name="test_register_duplicate_returns_409" time="0.272" /><testcase classname="backend.tests.test_email_apple_auth_iter14.TestRegister" name="test_register_short_password_returns_422" time="0.102" /><testcase classname="backend.tests.test_email_apple_auth_iter14.TestRegister" name="test_register_links_google_only_account" time="0.135" /><testcase classname="backend.tests.test_email_apple_auth_iter14.TestLogin" name="test_login_correct" time="0.393" /><testcase classname="backend.tests.test_email_apple_auth_iter14.TestLogin" name="test_login_wrong_password_401" time="0.131" /><testcase classname="backend.tests.test_email_apple_auth_iter14.TestLogin" name="test_login_unknown_email_401" time="0.126" /><testcase classname="backend.tests.test_email_apple_auth_iter14.TestApple" name="test_apple_garbage_token_401" time="0.090" /><testcase classname="backend.tests.test_email_apple_auth_iter14.TestSessionCompatibility" name="test_email_session_works_on_analyses_endpoints" time="0.325" /></testsuite></testsuites>