<?xml version="1.0" encoding="utf-8"?><testsuites name="pytest tests"><testsuite name="pytest" errors="0" failures="0" skipped="0" tests="6" time="155.617" timestamp="2026-08-02T18:44:01.112534+00:00" hostname="agent-env-98614a7d-1d7b-4adc-9375-34ea53baec5b"><testcase classname="backend.tests.test_iter21_persistence_reliability.TestHealth" name="test_api_root" time="0.222" /><testcase classname="backend.tests.test_iter21_persistence_reliability.TestHealth" name="test_auth_me_coach" time="0.108" /><testcase classname="backend.tests.test_iter21_persistence_reliability.TestDirectMultipartUpload" name="test_direct_upload_returns_200_and_reaches_ready" time="70.533" /><testcase classname="backend.tests.test_iter21_persistence_reliability.TestChunkedUploadAndPersistence" name="test_chunked_finalize_returns_ready_and_persistence_first" time="83.521" /><testcase classname="backend.tests.test_iter21_persistence_reliability.TestLemonSqueezyMultiCheckout" name="test_multi_checkout_returns_lemonsqueezy_url" time="0.701" /><testcase classname="backend.tests.test_iter21_persistence_reliability.TestLemonSqueezyMultiCheckout" name="test_learn_checkout_still_ok" time="0.497" /></testsuite></testsuites>