<?xml version="1.0" encoding="utf-8"?><testsuites name="pytest tests"><testsuite name="pytest" errors="0" failures="0" skipped="0" tests="23" time="46.355" timestamp="2026-05-08T11:30:59.772877+00:00" hostname="agent-env-98614a7d-1d7b-4adc-9375-34ea53baec5b"><testcase classname="tests.test_membership_coach_stripe.TestPlans" name="test_get_plans" time="0.143" /><testcase classname="tests.test_membership_coach_stripe.TestQuota" name="test_quota_free" time="0.109" /><testcase classname="tests.test_membership_coach_stripe.TestQuota" name="test_quota_coach_unlimited" time="0.103" /><testcase classname="tests.test_membership_coach_stripe.TestFreeQuotaEnforcement" name="test_free_first_then_402" time="17.456" /><testcase classname="tests.test_membership_coach_stripe.TestCoachUnlimited" name="test_coach_can_create_analysis" time="25.766" /><testcase classname="tests.test_membership_coach_stripe.TestCoaches" name="test_list_public_coaches" time="0.115" /><testcase classname="tests.test_membership_coach_stripe.TestCoaches" name="test_get_single_coach" time="0.129" /><testcase classname="tests.test_membership_coach_stripe.TestCoaches" name="test_get_unknown_coach" time="0.115" /><testcase classname="tests.test_membership_coach_stripe.TestCoachProfile" name="test_update_coach_profile_success" time="0.123" /><testcase classname="tests.test_membership_coach_stripe.TestCoachProfile" name="test_update_coach_profile_forbidden_for_free" time="0.096" /><testcase classname="tests.test_membership_coach_stripe.TestCoachInbox" name="test_inbox_forbidden_for_free" time="0.103" /><testcase classname="tests.test_membership_coach_stripe.TestCoachInbox" name="test_inbox_ok_for_coach" time="0.101" /><testcase classname="tests.test_membership_coach_stripe.TestSharingAndComments" name="test_setup_share_flow" time="0.233" /><testcase classname="tests.test_membership_coach_stripe.TestSharingAndComments" name="test_owner_comment" time="0.111" /><testcase classname="tests.test_membership_coach_stripe.TestSharingAndComments" name="test_coach_comment" time="0.106" /><testcase classname="tests.test_membership_coach_stripe.TestSharingAndComments" name="test_list_comments" time="0.116" /><testcase classname="tests.test_membership_coach_stripe.TestSharingAndComments" name="test_comment_forbidden_for_other_user" time="0.102" /><testcase classname="tests.test_membership_coach_stripe.TestStripeCheckout" name="test_checkout_invalid_plan" time="0.100" /><testcase classname="tests.test_membership_coach_stripe.TestStripeCheckout" name="test_checkout_unauthorized" time="0.098" /><testcase classname="tests.test_membership_coach_stripe.TestStripeCheckout" name="test_checkout_creates_stripe_session" time="0.563" /><testcase classname="tests.test_membership_coach_stripe.TestStripeCheckout" name="test_payment_status_unpaid" time="0.305" /><testcase classname="tests.test_membership_coach_stripe.TestStripeCheckout" name="test_payment_status_unknown_session" time="0.101" /><testcase classname="tests.test_membership_coach_stripe.TestStripeCheckout" name="test_free_user_tier_unchanged" time="0.120" /></testsuite></testsuites>