<?xml version="1.0" encoding="utf-8"?><testsuites name="pytest tests"><testsuite name="pytest" errors="0" failures="2" skipped="0" tests="23" time="55.301" timestamp="2026-05-08T11:23:26.114129+00:00" hostname="agent-env-98614a7d-1d7b-4adc-9375-34ea53baec5b"><testcase classname="backend.tests.test_membership_coach_stripe.TestPlans" name="test_get_plans" time="0.231" /><testcase classname="backend.tests.test_membership_coach_stripe.TestQuota" name="test_quota_free" time="0.134" /><testcase classname="backend.tests.test_membership_coach_stripe.TestQuota" name="test_quota_coach_unlimited" time="0.131" /><testcase classname="backend.tests.test_membership_coach_stripe.TestFreeQuotaEnforcement" name="test_free_first_then_402" time="22.267" /><testcase classname="backend.tests.test_membership_coach_stripe.TestCoachUnlimited" name="test_coach_can_create_analysis" time="29.240"><failure message="AssertionError: 500 Internal Server Error&#10;assert 500 == 200&#10; +  where 500 = &lt;Response [500]&gt;.status_code">backend/tests/test_membership_coach_stripe.py:93: in test_coach_can_create_analysis
    assert r.status_code == 200, f"{r.status_code} {r.text[:300]}"
E   AssertionError: 500 Internal Server Error
E   assert 500 == 200
E    +  where 500 = &lt;Response [500]&gt;.status_code</failure></testcase><testcase classname="backend.tests.test_membership_coach_stripe.TestCoaches" name="test_list_public_coaches" time="0.132" /><testcase classname="backend.tests.test_membership_coach_stripe.TestCoaches" name="test_get_single_coach" time="0.101" /><testcase classname="backend.tests.test_membership_coach_stripe.TestCoaches" name="test_get_unknown_coach" time="0.151" /><testcase classname="backend.tests.test_membership_coach_stripe.TestCoachProfile" name="test_update_coach_profile_success" time="0.109" /><testcase classname="backend.tests.test_membership_coach_stripe.TestCoachProfile" name="test_update_coach_profile_forbidden_for_free" time="0.169" /><testcase classname="backend.tests.test_membership_coach_stripe.TestCoachInbox" name="test_inbox_forbidden_for_free" time="0.154" /><testcase classname="backend.tests.test_membership_coach_stripe.TestCoachInbox" name="test_inbox_ok_for_coach" time="0.102" /><testcase classname="backend.tests.test_membership_coach_stripe.TestSharingAndComments" name="test_setup_share_flow" time="0.281" /><testcase classname="backend.tests.test_membership_coach_stripe.TestSharingAndComments" name="test_owner_comment" time="0.127" /><testcase classname="backend.tests.test_membership_coach_stripe.TestSharingAndComments" name="test_coach_comment" time="0.148" /><testcase classname="backend.tests.test_membership_coach_stripe.TestSharingAndComments" name="test_list_comments" time="0.111" /><testcase classname="backend.tests.test_membership_coach_stripe.TestSharingAndComments" name="test_comment_forbidden_for_other_user" time="0.100" /><testcase classname="backend.tests.test_membership_coach_stripe.TestStripeCheckout" name="test_checkout_invalid_plan" time="0.096" /><testcase classname="backend.tests.test_membership_coach_stripe.TestStripeCheckout" name="test_checkout_unauthorized" time="0.095" /><testcase classname="backend.tests.test_membership_coach_stripe.TestStripeCheckout" name="test_checkout_creates_stripe_session" time="0.802" /><testcase classname="backend.tests.test_membership_coach_stripe.TestStripeCheckout" name="test_payment_status_unpaid" time="0.300"><failure message="assert 500 == 200&#10; +  where 500 = &lt;Response [500]&gt;.status_code">backend/tests/test_membership_coach_stripe.py:279: in test_payment_status_unpaid
    assert r.status_code == 200
E   assert 500 == 200
E    +  where 500 = &lt;Response [500]&gt;.status_code</failure></testcase><testcase classname="backend.tests.test_membership_coach_stripe.TestStripeCheckout" name="test_payment_status_unknown_session" time="0.110" /><testcase classname="backend.tests.test_membership_coach_stripe.TestStripeCheckout" name="test_free_user_tier_unchanged" time="0.114" /></testsuite></testsuites>