<?xml version="1.0" encoding="utf-8"?><testsuites name="pytest tests"><testsuite name="pytest" errors="0" failures="0" skipped="0" tests="15" time="26.289" timestamp="2026-05-08T10:58:32.402837+00:00" hostname="agent-env-98614a7d-1d7b-4adc-9375-34ea53baec5b"><testcase classname="backend.tests.test_surfai_api.TestHealth" name="test_health" time="0.174" /><testcase classname="backend.tests.test_surfai_api.TestAuth" name="test_auth_me_no_token" time="0.142" /><testcase classname="backend.tests.test_surfai_api.TestAuth" name="test_auth_me_invalid_token" time="0.152" /><testcase classname="backend.tests.test_surfai_api.TestAuth" name="test_auth_me_with_demo_token" time="0.146" /><testcase classname="backend.tests.test_surfai_api.TestAuth" name="test_auth_session_invalid_session_id" time="0.192" /><testcase classname="backend.tests.test_surfai_api.TestAnalyses" name="test_list_analyses_unauthorized" time="0.095" /><testcase classname="backend.tests.test_surfai_api.TestAnalyses" name="test_list_analyses_with_token" time="0.105" /><testcase classname="backend.tests.test_surfai_api.TestAnalyses" name="test_create_analysis_uploads_and_runs_gemini" time="24.356" /><testcase classname="backend.tests.test_surfai_api.TestAnalyses" name="test_get_analysis_detail" time="0.171" /><testcase classname="backend.tests.test_surfai_api.TestAnalyses" name="test_get_analysis_detail_unauth" time="0.162" /><testcase classname="backend.tests.test_surfai_api.TestAnalyses" name="test_get_analysis_detail_not_found" time="0.161" /><testcase classname="backend.tests.test_surfai_api.TestAnalyses" name="test_video_stream_with_token" time="0.101" /><testcase classname="backend.tests.test_surfai_api.TestAnalyses" name="test_video_stream_missing_token" time="0.096" /><testcase classname="backend.tests.test_surfai_api.TestAnalyses" name="test_video_stream_invalid_token" time="0.102" /><testcase classname="backend.tests.test_surfai_api.TestLogout" name="test_logout_no_op_without_token" time="0.094" /></testsuite></testsuites>