<?xml version="1.0" encoding="utf-8"?><testsuites name="pytest tests"><testsuite name="pytest" errors="0" failures="1" skipped="3" tests="75" time="131.293" timestamp="2026-05-08T12:42:01.864395+00:00" hostname="agent-env-98614a7d-1d7b-4adc-9375-34ea53baec5b"><testcase classname="backend.tests.test_bugfix_smoke.TestBugCoachAnalysisCoerce" name="test_first_coach_upload_returns_200_and_lists_are_strings" time="28.774" /><testcase classname="backend.tests.test_bugfix_smoke.TestBugCoachAnalysisCoerce" name="test_second_coach_upload_returns_200_and_lists_are_strings" time="26.205" /><testcase classname="backend.tests.test_bugfix_smoke.TestBugPaymentStatusNoFiveHundred" name="test_checkout_then_status_polls_no_500" time="1.442" /><testcase classname="backend.tests.test_bugfix_smoke.TestBugPaymentStatusNoFiveHundred" name="test_unknown_session_returns_404" time="0.150" /><testcase classname="backend.tests.test_membership_coach_stripe.TestPlans" name="test_get_plans" time="0.103" /><testcase classname="backend.tests.test_membership_coach_stripe.TestQuota" name="test_quota_free" time="0.105" /><testcase classname="backend.tests.test_membership_coach_stripe.TestQuota" name="test_quota_coach_unlimited" time="0.100" /><testcase classname="backend.tests.test_membership_coach_stripe.TestFreeQuotaEnforcement" name="test_free_first_then_402" time="16.731" /><testcase classname="backend.tests.test_membership_coach_stripe.TestCoachUnlimited" name="test_coach_can_create_analysis" time="30.785" /><testcase classname="backend.tests.test_membership_coach_stripe.TestCoaches" name="test_list_public_coaches" time="0.191" /><testcase classname="backend.tests.test_membership_coach_stripe.TestCoaches" name="test_get_single_coach" time="0.119" /><testcase classname="backend.tests.test_membership_coach_stripe.TestCoaches" name="test_get_unknown_coach" time="0.175" /><testcase classname="backend.tests.test_membership_coach_stripe.TestCoachProfile" name="test_update_coach_profile_success" time="0.111" /><testcase classname="backend.tests.test_membership_coach_stripe.TestCoachProfile" name="test_update_coach_profile_forbidden_for_free" time="0.129" /><testcase classname="backend.tests.test_membership_coach_stripe.TestCoachInbox" name="test_inbox_forbidden_for_free" time="0.115" /><testcase classname="backend.tests.test_membership_coach_stripe.TestCoachInbox" name="test_inbox_ok_for_coach" time="0.101" /><testcase classname="backend.tests.test_membership_coach_stripe.TestSharingAndComments" name="test_setup_share_flow" time="0.258" /><testcase classname="backend.tests.test_membership_coach_stripe.TestSharingAndComments" name="test_owner_comment" time="0.108" /><testcase classname="backend.tests.test_membership_coach_stripe.TestSharingAndComments" name="test_coach_comment" time="0.100" /><testcase classname="backend.tests.test_membership_coach_stripe.TestSharingAndComments" name="test_list_comments" time="0.112" /><testcase classname="backend.tests.test_membership_coach_stripe.TestSharingAndComments" name="test_comment_forbidden_for_other_user" time="0.134" /><testcase classname="backend.tests.test_membership_coach_stripe.TestStripeCheckout" name="test_checkout_invalid_plan" time="0.107" /><testcase classname="backend.tests.test_membership_coach_stripe.TestStripeCheckout" name="test_checkout_unauthorized" time="0.100" /><testcase classname="backend.tests.test_membership_coach_stripe.TestStripeCheckout" name="test_checkout_creates_stripe_session" time="0.554" /><testcase classname="backend.tests.test_membership_coach_stripe.TestStripeCheckout" name="test_payment_status_unpaid" time="0.272" /><testcase classname="backend.tests.test_membership_coach_stripe.TestStripeCheckout" name="test_payment_status_unknown_session" time="0.102" /><testcase classname="backend.tests.test_membership_coach_stripe.TestStripeCheckout" name="test_free_user_tier_unchanged" time="0.099" /><testcase classname="backend.tests.test_surfai_api.TestHealth" name="test_health" time="0.114" /><testcase classname="backend.tests.test_surfai_api.TestAuth" name="test_auth_me_no_token" time="0.103" /><testcase classname="backend.tests.test_surfai_api.TestAuth" name="test_auth_me_invalid_token" time="0.103" /><testcase classname="backend.tests.test_surfai_api.TestAuth" name="test_auth_me_with_demo_token" time="0.109" /><testcase classname="backend.tests.test_surfai_api.TestAuth" name="test_auth_session_invalid_session_id" time="0.191" /><testcase classname="backend.tests.test_surfai_api.TestAnalyses" name="test_list_analyses_unauthorized" time="0.098" /><testcase classname="backend.tests.test_surfai_api.TestAnalyses" name="test_list_analyses_with_token" time="0.099" /><testcase classname="backend.tests.test_surfai_api.TestAnalyses" name="test_create_analysis_uploads_and_runs_gemini" time="0.426"><failure message="AssertionError: Create failed: 402 - {&quot;detail&quot;:&quot;Free plan limit of 1 analysis per day reached. Upgrade for more.&quot;}&#10;assert 402 == 200&#10; +  where 402 = &lt;Response [402]&gt;.status_code">backend/tests/test_surfai_api.py:75: in test_create_analysis_uploads_and_runs_gemini
    assert r.status_code == 200, f"Create failed: {r.status_code} - {r.text[:300]}"
E   AssertionError: Create failed: 402 - {"detail":"Free plan limit of 1 analysis per day reached. Upgrade for more."}
E   assert 402 == 200
E    +  where 402 = &lt;Response [402]&gt;.status_code</failure></testcase><testcase classname="backend.tests.test_surfai_api.TestAnalyses" name="test_get_analysis_detail" time="0.000"><skipped type="pytest.skip" message="No analysis created in previous step">/app/backend/tests/test_surfai_api.py:97: No analysis created in previous step</skipped></testcase><testcase classname="backend.tests.test_surfai_api.TestAnalyses" name="test_get_analysis_detail_unauth" time="0.000"><skipped type="pytest.skip" message="No analysis created in previous step">/app/backend/tests/test_surfai_api.py:108: No analysis created in previous step</skipped></testcase><testcase classname="backend.tests.test_surfai_api.TestAnalyses" name="test_get_analysis_detail_not_found" time="0.108" /><testcase classname="backend.tests.test_surfai_api.TestAnalyses" name="test_video_stream_with_token" time="0.000"><skipped type="pytest.skip" message="No analysis created in previous step">/app/backend/tests/test_surfai_api.py:120: No analysis created in previous step</skipped></testcase><testcase classname="backend.tests.test_surfai_api.TestAnalyses" name="test_video_stream_missing_token" time="0.114" /><testcase classname="backend.tests.test_surfai_api.TestAnalyses" name="test_video_stream_invalid_token" time="0.099" /><testcase classname="backend.tests.test_surfai_api.TestLogout" name="test_logout_no_op_without_token" time="0.099" /><testcase classname="backend.tests.test_v12_push_stripe_filters.TestPushToken" name="test_set_push_token" time="0.106" /><testcase classname="backend.tests.test_v12_push_stripe_filters.TestPushToken" name="test_get_me_reflects_token" time="0.100" /><testcase classname="backend.tests.test_v12_push_stripe_filters.TestPushToken" name="test_clear_push_token_with_null" time="0.126" /><testcase classname="backend.tests.test_v12_push_stripe_filters.TestPushToken" name="test_push_token_unauthorized" time="0.111" /><testcase classname="backend.tests.test_v12_push_stripe_filters.TestSubscriptionRenewal" name="test_cancel_renewal_free_returns_400" time="0.151" /><testcase classname="backend.tests.test_v12_push_stripe_filters.TestSubscriptionRenewal" name="test_resume_renewal_free_returns_400" time="0.117" /><testcase classname="backend.tests.test_v12_push_stripe_filters.TestSubscriptionRenewal" name="test_cancel_renewal_as_coach" time="0.205" /><testcase classname="backend.tests.test_v12_push_stripe_filters.TestSubscriptionRenewal" name="test_resume_renewal_as_coach" time="0.167" /><testcase classname="backend.tests.test_v12_push_stripe_filters.TestCoachDirectoryFilters" name="test_no_filter_returns_demo" time="0.107" /><testcase classname="backend.tests.test_v12_push_stripe_filters.TestCoachDirectoryFilters" name="test_location_match" time="0.105" /><testcase classname="backend.tests.test_v12_push_stripe_filters.TestCoachDirectoryFilters" name="test_location_miss" time="0.102" /><testcase classname="backend.tests.test_v12_push_stripe_filters.TestCoachDirectoryFilters" name="test_specialty_match" time="0.115" /><testcase classname="backend.tests.test_v12_push_stripe_filters.TestCoachDirectoryFilters" name="test_specialty_miss" time="0.107" /><testcase classname="backend.tests.test_v12_push_stripe_filters.TestCoachDirectoryFilters" name="test_q_case_insensitive_name" time="0.135" /><testcase classname="backend.tests.test_v12_push_stripe_filters.TestCoachDirectoryFilters" name="test_q_no_match" time="0.130" /><testcase classname="backend.tests.test_v13_bugfixes.TestQuotaPlusUser" name="test_quota_plus_user_returns_tier_plus_limit_3" time="0.114" /><testcase classname="backend.tests.test_v13_bugfixes.TestPlusUploadsEnforcement" name="test_plus_user_can_upload_3_times_then_402_on_4th" time="0.340" /><testcase classname="backend.tests.test_v13_bugfixes.TestPlusUploadsEnforcement" name="test_plus_user_first_upload_does_not_402" time="15.999" /><testcase classname="backend.tests.test_v13_bugfixes.TestApplySubscriptionPlusPlan" name="test_paid_plus_checkout_sets_user_tier_plus" time="0.795" /><testcase classname="backend.tests.test_v13_bugfixes.TestApplySubscriptionPlusPlan" name="test_paid_coach_checkout_still_sets_user_tier_coach" time="0.764" /><testcase classname="backend.tests.test_v13_plus_tier.TestPlans" name="test_plans_returns_3_plans_with_correct_ids" time="0.109" /><testcase classname="backend.tests.test_v13_plus_tier.TestPlans" name="test_free_plan_amount_and_limit" time="0.127" /><testcase classname="backend.tests.test_v13_plus_tier.TestPlans" name="test_plus_plan_amount_999_and_limit_3" time="0.101" /><testcase classname="backend.tests.test_v13_plus_tier.TestPlans" name="test_coach_plan_amount_120_and_unlimited" time="0.106" /><testcase classname="backend.tests.test_v13_plus_tier.TestQuota" name="test_quota_free_user" time="0.104" /><testcase classname="backend.tests.test_v13_plus_tier.TestQuota" name="test_quota_coach_user_unlimited" time="0.121" /><testcase classname="backend.tests.test_v13_plus_tier.TestCheckoutPlus" name="test_checkout_plus_creates_stripe_session" time="0.466" /><testcase classname="backend.tests.test_v13_plus_tier.TestCheckoutPlus" name="test_checkout_coach_still_works_120" time="0.547" /><testcase classname="backend.tests.test_v13_plus_tier.TestCheckoutPlus" name="test_checkout_invalid_plan_400" time="0.093" /><testcase classname="backend.tests.test_v13_plus_tier.TestRegression" name="test_health" time="0.126" /><testcase classname="backend.tests.test_v13_plus_tier.TestRegression" name="test_auth_me_free" time="0.133" /><testcase classname="backend.tests.test_v13_plus_tier.TestRegression" name="test_auth_me_coach" time="0.121" /><testcase classname="backend.tests.test_v13_plus_tier.TestRegression" name="test_coaches_directory_lists_demo_coach" time="0.100" /></testsuite></testsuites>