<?xml version="1.0" encoding="utf-8"?><testsuites name="pytest tests"><testsuite name="pytest" errors="0" failures="0" skipped="0" tests="19" time="5.084" timestamp="2026-05-08T15:58:12.492749+00:00" hostname="agent-env-98614a7d-1d7b-4adc-9375-34ea53baec5b"><testcase classname="backend.tests.test_stripe_live_webhook.TestStripeEnvLoaded" name="test_secret_is_live" time="0.000" /><testcase classname="backend.tests.test_stripe_live_webhook.TestStripeEnvLoaded" name="test_publishable_is_live" time="0.000" /><testcase classname="backend.tests.test_stripe_live_webhook.TestStripeEnvLoaded" name="test_webhook_secret_present" time="0.000" /><testcase classname="backend.tests.test_stripe_live_webhook.TestLiveCheckoutCreation" name="test_checkout_plus_returns_live_url" time="0.660" /><testcase classname="backend.tests.test_stripe_live_webhook.TestLiveCheckoutCreation" name="test_checkout_coach_returns_live_url_amount_120" time="0.474" /><testcase classname="backend.tests.test_stripe_live_webhook.TestLiveCheckoutCreation" name="test_checkout_invalid_plan" time="0.151" /><testcase classname="backend.tests.test_stripe_live_webhook.TestWebhookSignatureRejection" name="test_missing_signature_400" time="0.158" /><testcase classname="backend.tests.test_stripe_live_webhook.TestWebhookSignatureRejection" name="test_bogus_signature_400" time="0.304" /><testcase classname="backend.tests.test_stripe_live_webhook.TestWebhookSignatureRejection" name="test_valid_signature_unknown_event_type_returns_200" time="0.135" /><testcase classname="backend.tests.test_stripe_live_webhook.TestWebhookTierUpgrade" name="test_completed_event_upgrades_to_plus" time="0.228" /><testcase classname="backend.tests.test_stripe_live_webhook.TestWebhookTierUpgrade" name="test_completed_event_upgrades_to_coach" time="0.263" /><testcase classname="backend.tests.test_stripe_live_webhook.TestWebhookTierUpgrade" name="test_async_payment_succeeded_also_applies" time="0.225" /><testcase classname="backend.tests.test_stripe_live_webhook.TestWebhookIdempotency" name="test_replay_does_not_double_extend_expiry" time="1.367" /><testcase classname="backend.tests.test_stripe_live_webhook.TestPaymentStatusGraceful" name="test_status_does_not_500_for_synthetic_session" time="0.212" /><testcase classname="backend.tests.test_stripe_live_webhook.TestRegressionLight" name="test_health" time="0.125" /><testcase classname="backend.tests.test_stripe_live_webhook.TestRegressionLight" name="test_auth_me_demo" time="0.133" /><testcase classname="backend.tests.test_stripe_live_webhook.TestRegressionLight" name="test_quota_free" time="0.287" /><testcase classname="backend.tests.test_stripe_live_webhook.TestRegressionLight" name="test_coaches_directory" time="0.122" /><testcase classname="backend.tests.test_stripe_live_webhook.TestRegressionLight" name="test_plans" time="0.126" /></testsuite></testsuites>