<?xml version="1.0" encoding="utf-8"?><testsuites name="pytest tests"><testsuite name="pytest" errors="0" failures="0" skipped="0" tests="15" time="2.224" timestamp="2026-05-08T11:43:10.041585+00:00" hostname="agent-env-98614a7d-1d7b-4adc-9375-34ea53baec5b"><testcase classname="backend.tests.test_v12_push_stripe_filters.TestPushToken" name="test_set_push_token" time="0.229" /><testcase classname="backend.tests.test_v12_push_stripe_filters.TestPushToken" name="test_get_me_reflects_token" time="0.182" /><testcase classname="backend.tests.test_v12_push_stripe_filters.TestPushToken" name="test_clear_push_token_with_null" time="0.264" /><testcase classname="backend.tests.test_v12_push_stripe_filters.TestPushToken" name="test_push_token_unauthorized" time="0.142" /><testcase classname="backend.tests.test_v12_push_stripe_filters.TestSubscriptionRenewal" name="test_cancel_renewal_free_returns_400" time="0.111" /><testcase classname="backend.tests.test_v12_push_stripe_filters.TestSubscriptionRenewal" name="test_resume_renewal_free_returns_400" time="0.099" /><testcase classname="backend.tests.test_v12_push_stripe_filters.TestSubscriptionRenewal" name="test_cancel_renewal_as_coach" time="0.228" /><testcase classname="backend.tests.test_v12_push_stripe_filters.TestSubscriptionRenewal" name="test_resume_renewal_as_coach" time="0.164" /><testcase classname="backend.tests.test_v12_push_stripe_filters.TestCoachDirectoryFilters" name="test_no_filter_returns_demo" time="0.126" /><testcase classname="backend.tests.test_v12_push_stripe_filters.TestCoachDirectoryFilters" name="test_location_match" time="0.107" /><testcase classname="backend.tests.test_v12_push_stripe_filters.TestCoachDirectoryFilters" name="test_location_miss" time="0.109" /><testcase classname="backend.tests.test_v12_push_stripe_filters.TestCoachDirectoryFilters" name="test_specialty_match" time="0.109" /><testcase classname="backend.tests.test_v12_push_stripe_filters.TestCoachDirectoryFilters" name="test_specialty_miss" time="0.112" /><testcase classname="backend.tests.test_v12_push_stripe_filters.TestCoachDirectoryFilters" name="test_q_case_insensitive_name" time="0.097" /><testcase classname="backend.tests.test_v12_push_stripe_filters.TestCoachDirectoryFilters" name="test_q_no_match" time="0.095" /></testsuite></testsuites>