<?xml version="1.0" encoding="utf-8"?><testsuites name="pytest tests"><testsuite name="pytest" errors="0" failures="0" skipped="0" tests="5" time="27.841" timestamp="2026-05-08T12:41:23.824412+00:00" hostname="agent-env-98614a7d-1d7b-4adc-9375-34ea53baec5b"><testcase classname="backend.tests.test_v13_bugfixes.TestQuotaPlusUser" name="test_quota_plus_user_returns_tier_plus_limit_3" time="0.238" /><testcase classname="backend.tests.test_v13_bugfixes.TestPlusUploadsEnforcement" name="test_plus_user_can_upload_3_times_then_402_on_4th" time="0.593" /><testcase classname="backend.tests.test_v13_bugfixes.TestPlusUploadsEnforcement" name="test_plus_user_first_upload_does_not_402" time="24.921" /><testcase classname="backend.tests.test_v13_bugfixes.TestApplySubscriptionPlusPlan" name="test_paid_plus_checkout_sets_user_tier_plus" time="0.957" /><testcase classname="backend.tests.test_v13_bugfixes.TestApplySubscriptionPlusPlan" name="test_paid_coach_checkout_still_sets_user_tier_coach" time="1.035" /></testsuite></testsuites>